
  .   ____          _            __ _ _
 /\\ / ___'_ __ _ _(_)_ __  __ _ \ \ \ \
( ( )\___ | '_ | '_| | '_ \/ _` | \ \ \ \
 \\/  ___)| |_)| | | | | || (_| |  ) ) ) )
  '  |____| .__|_| |_|_| |_\__, | / / / /
 =========|_|==============|___/=/_/_/_/

 :: Spring Boot ::                (v3.3.5)

22:08:04 - Starting BicifoodApiApplication v1.0.0 using Java 21.0.9 with PID 10747 (/Users/dadiazpr/Documents/github_repos/biciFood/bicifood-api/target/bicifood-api-1.0.0.jar started by dadiazpr in /Users/dadiazpr/Documents/github_repos/biciFood/bicifood-api)
22:08:04 - The following 1 profile is active: "dev"
22:08:05 - Bootstrapping Spring Data JPA repositories in DEFAULT mode.
22:08:05 - Finished Spring Data repository scanning in 22 ms. Found 2 JPA repository interfaces.
22:08:05 - Tomcat initialized with port 8080 (http)
22:08:05 - Starting service [Tomcat]
22:08:05 - Starting Servlet engine: [Apache Tomcat/10.1.31]
22:08:05 - Initializing Spring embedded WebApplicationContext
22:08:05 - Root WebApplicationContext: initialization completed in 946 ms
22:08:05 - HikariPool-1 - Starting...
22:08:05 - HikariPool-1 - Added connection conn0: url=jdbc:h2:mem:bicifood user=SA
22:08:05 - HikariPool-1 - Start completed.
22:08:05 - H2 console available at '/h2-console'. Database available at 'jdbc:h2:mem:bicifood'
22:08:05 - HHH000204: Processing PersistenceUnitInfo [name: default]
22:08:05 - HHH000412: Hibernate ORM core version 6.5.3.Final
22:08:05 - HHH000026: Second-level cache disabled
22:08:06 - No LoadTimeWeaver setup: ignoring JPA class transformer
22:08:06 - HHH90000025: H2Dialect does not need to be specified explicitly using 'hibernate.dialect' (remove the property setting and it will be selected by default)
22:08:06 - HHH000489: No JTA platform available (set 'hibernate.transaction.jta.platform' to enable JTA platform integration)
22:08:06 - Initialized JPA EntityManagerFactory for persistence unit 'default'
22:08:06 - Hibernate is in classpath; If applicable, HQL parser will be used.
22:08:06 - 

Using generated security password: c69967ce-7ec5-4ad9-be0d-83e614c71d31

This generated password is for development use only. Your security configuration must be updated before running your application in production.

22:08:07 - Global AuthenticationManager configured with UserDetailsService bean with name inMemoryUserDetailsManager
22:08:07 - Tomcat started on port 8080 (http) with context path '/'
22:08:07 - Started BicifoodApiApplication in 2.674 seconds (process running for 2.882)
🚴‍♂️ BiciFood API started successfully!
☕ Java Version: 21.0.9
⚡ Virtual Threads: ✅ Enabled
📚 Swagger UI: http://localhost:8080/swagger-ui.html
22:08:12 - Initializing Spring DispatcherServlet 'dispatcherServlet'
22:08:17 - Init duration for springdoc-openapi is: 134 ms
