
  .   ____          _            __ _ _
 /\\ / ___'_ __ _ _(_)_ __  __ _ \ \ \ \
( ( )\___ | '_ | '_| | '_ \/ _` | \ \ \ \
 \\/  ___)| |_)| | | | | || (_| |  ) ) ) )
  '  |____| .__|_| |_|_| |_\__, | / / / /
 =========|_|==============|___/=/_/_/_/

 :: Spring Boot ::                (v3.3.5)

2025-10-30T10:57:41.854+01:00  INFO 41546 --- [BiciFood Web Application] [           main] com.bicifood.BiciFoodApplication         : Starting BiciFoodApplication v1.0.0-SNAPSHOT using Java 21.0.9 with PID 41546 (/Users/dadiazpr/Documents/github_repos/biciFood/backend/target/bicifood-web-1.0.0-SNAPSHOT.jar started by dadiazpr in /Users/dadiazpr/Documents/github_repos/biciFood/backend)
2025-10-30T10:57:41.855+01:00  INFO 41546 --- [BiciFood Web Application] [           main] com.bicifood.BiciFoodApplication         : No active profile set, falling back to 1 default profile: "default"
2025-10-30T10:57:42.203+01:00  INFO 41546 --- [BiciFood Web Application] [           main] .s.d.r.c.RepositoryConfigurationDelegate : Bootstrapping Spring Data JPA repositories in DEFAULT mode.
2025-10-30T10:57:42.232+01:00  INFO 41546 --- [BiciFood Web Application] [           main] .s.d.r.c.RepositoryConfigurationDelegate : Finished Spring Data repository scanning in 26 ms. Found 5 JPA repository interfaces.
2025-10-30T10:57:42.477+01:00  INFO 41546 --- [BiciFood Web Application] [           main] o.s.b.w.embedded.tomcat.TomcatWebServer  : Tomcat initialized with port 8080 (http)
2025-10-30T10:57:42.483+01:00  INFO 41546 --- [BiciFood Web Application] [           main] o.apache.catalina.core.StandardService   : Starting service [Tomcat]
2025-10-30T10:57:42.484+01:00  INFO 41546 --- [BiciFood Web Application] [           main] o.apache.catalina.core.StandardEngine    : Starting Servlet engine: [Apache Tomcat/10.1.31]
2025-10-30T10:57:42.496+01:00  INFO 41546 --- [BiciFood Web Application] [           main] o.a.c.c.C.[Tomcat].[localhost].[/]       : Initializing Spring embedded WebApplicationContext
2025-10-30T10:57:42.496+01:00  INFO 41546 --- [BiciFood Web Application] [           main] w.s.c.ServletWebServerApplicationContext : Root WebApplicationContext: initialization completed in 622 ms
2025-10-30T10:57:42.509+01:00  INFO 41546 --- [BiciFood Web Application] [           main] com.zaxxer.hikari.HikariDataSource       : HikariPool-1 - Starting...
2025-10-30T10:57:42.625+01:00  INFO 41546 --- [BiciFood Web Application] [           main] com.zaxxer.hikari.pool.HikariPool        : HikariPool-1 - Added connection conn0: url=jdbc:h2:mem:testdb user=SA
2025-10-30T10:57:42.626+01:00  INFO 41546 --- [BiciFood Web Application] [           main] com.zaxxer.hikari.HikariDataSource       : HikariPool-1 - Start completed.
2025-10-30T10:57:42.637+01:00  INFO 41546 --- [BiciFood Web Application] [           main] o.s.b.a.h2.H2ConsoleAutoConfiguration    : H2 console available at '/h2-console'. Database available at 'jdbc:h2:mem:testdb'
2025-10-30T10:57:42.700+01:00  INFO 41546 --- [BiciFood Web Application] [           main] o.hibernate.jpa.internal.util.LogHelper  : HHH000204: Processing PersistenceUnitInfo [name: default]
2025-10-30T10:57:42.731+01:00  INFO 41546 --- [BiciFood Web Application] [           main] org.hibernate.Version                    : HHH000412: Hibernate ORM core version 6.5.3.Final
2025-10-30T10:57:42.748+01:00  INFO 41546 --- [BiciFood Web Application] [           main] o.h.c.internal.RegionFactoryInitiator    : HHH000026: Second-level cache disabled
2025-10-30T10:57:42.885+01:00  INFO 41546 --- [BiciFood Web Application] [           main] o.s.o.j.p.SpringPersistenceUnitInfo      : No LoadTimeWeaver setup: ignoring JPA class transformer
2025-10-30T10:57:42.907+01:00  WARN 41546 --- [BiciFood Web Application] [           main] org.hibernate.orm.deprecation            : HHH90000025: H2Dialect does not need to be specified explicitly using 'hibernate.dialect' (remove the property setting and it will be selected by default)
2025-10-30T10:57:43.373+01:00  INFO 41546 --- [BiciFood Web Application] [           main] o.h.e.t.j.p.i.JtaPlatformInitiator       : HHH000489: No JTA platform available (set 'hibernate.transaction.jta.platform' to enable JTA platform integration)
Hibernate: drop table if exists categoria cascade 
Hibernate: drop table if exists comanda cascade 
Hibernate: drop table if exists detall_comanda cascade 
Hibernate: drop table if exists metode_pagament cascade 
Hibernate: drop table if exists producte cascade 
Hibernate: drop table if exists usuari cascade 
Hibernate: create table categoria (activa boolean not null, categoria_id bigint generated by default as identity, data_creacio timestamp(6) not null, data_modificacio timestamp(6), nom varchar(100) not null, descripcio varchar(255), primary key (categoria_id))
Hibernate: create table comanda (preu_total numeric(12,2) not null, comanda_id bigint generated by default as identity, data_comanda timestamp(6) not null, data_entrega_estimada timestamp(6), data_entrega_real timestamp(6), data_modificacio timestamp(6), metode_pagament_id bigint, usuari_id bigint not null, telefon_contacte varchar(20), notes varchar(500), adreca_enviament varchar(255), estat enum ('CANCEL_LADA','CONFIRMADA','ENTREGADA','EN_PREPARACIO','LLESTA','PENDENT') not null, primary key (comanda_id))
Hibernate: create table detall_comanda (preu_total numeric(12,2) not null, preu_unitari numeric(10,2) not null, quantitat integer not null check (quantitat>=1), comanda_id bigint not null, detall_id bigint generated by default as identity, producte_id bigint not null, notes varchar(255), primary key (detall_id))
Hibernate: create table metode_pagament (actiu boolean not null, data_creacio timestamp(6) not null, data_modificacio timestamp(6), metode_id bigint generated by default as identity, nom varchar(50) not null, descripcio varchar(255), primary key (metode_id))
Hibernate: create table producte (actiu boolean not null, calories integer, destacat boolean, preu numeric(10,2) not null, stock integer not null check (stock>=0), categoria_id bigint not null, data_creacio timestamp(6) not null, data_modificacio timestamp(6), producte_id bigint generated by default as identity, allergies varchar(100), nom varchar(150) not null, descripcio varchar(500), imatge_url varchar(255), primary key (producte_id))
Hibernate: create table usuari (actiu boolean not null, verificat boolean not null, codi_postal varchar(5), data_registre timestamp(6) not null, data_ultim_acces timestamp(6), usuari_id bigint generated by default as identity, telefon varchar(20) unique, ciutat varchar(100), cognom varchar(100) not null, nom varchar(100) not null, email varchar(150) not null unique, adreca varchar(255), contrasenya varchar(255) not null, rol enum ('ADMIN','CLIENT','DELIVERY') not null, primary key (usuari_id))
Hibernate: alter table if exists comanda add constraint FKnbrsc08wn5hudf76jq61s82o9 foreign key (metode_pagament_id) references metode_pagament
Hibernate: alter table if exists comanda add constraint FK62g96ljjy9lfhxd5upwl0fy9k foreign key (usuari_id) references usuari
Hibernate: alter table if exists detall_comanda add constraint FKbot1a2oyqhpio36fewykk0ckf foreign key (comanda_id) references comanda
Hibernate: alter table if exists detall_comanda add constraint FKjkjhvl57yask93ogr34olhxeg foreign key (producte_id) references producte
Hibernate: alter table if exists producte add constraint FK7al08b5jaxe718g7dky0h6ty4 foreign key (categoria_id) references categoria
2025-10-30T10:57:43.535+01:00  INFO 41546 --- [BiciFood Web Application] [           main] j.LocalContainerEntityManagerFactoryBean : Initialized JPA EntityManagerFactory for persistence unit 'default'
2025-10-30T10:57:43.677+01:00  INFO 41546 --- [BiciFood Web Application] [           main] o.s.d.j.r.query.QueryEnhancerFactory     : Hibernate is in classpath; If applicable, HQL parser will be used.
2025-10-30T10:57:44.084+01:00  WARN 41546 --- [BiciFood Web Application] [           main] JpaBaseConfiguration$JpaWebConfiguration : spring.jpa.open-in-view is enabled by default. Therefore, database queries may be performed during view rendering. Explicitly configure spring.jpa.open-in-view to disable this warning
2025-10-30T10:57:44.092+01:00  WARN 41546 --- [BiciFood Web Application] [           main] .s.s.UserDetailsServiceAutoConfiguration : 

Using generated security password: 336b3e0d-8652-482b-8735-149e86cd8400

This generated password is for development use only. Your security configuration must be updated before running your application in production.

2025-10-30T10:57:44.095+01:00  INFO 41546 --- [BiciFood Web Application] [           main] r$InitializeUserDetailsManagerConfigurer : Global AuthenticationManager configured with UserDetailsService bean with name inMemoryUserDetailsManager
2025-10-30T10:57:44.313+01:00  INFO 41546 --- [BiciFood Web Application] [           main] o.s.b.w.embedded.tomcat.TomcatWebServer  : Tomcat started on port 8080 (http) with context path '/'
2025-10-30T10:57:44.323+01:00  INFO 41546 --- [BiciFood Web Application] [           main] com.bicifood.BiciFoodApplication         : Started BiciFoodApplication in 2.623 seconds (process running for 2.869)
2025-10-30T10:57:48.403+01:00  INFO 41546 --- [BiciFood Web Application] [nio-8080-exec-1] o.a.c.c.C.[Tomcat].[localhost].[/]       : Initializing Spring DispatcherServlet 'dispatcherServlet'
2025-10-30T10:57:48.403+01:00  INFO 41546 --- [BiciFood Web Application] [nio-8080-exec-1] o.s.web.servlet.DispatcherServlet        : Initializing Servlet 'dispatcherServlet'
2025-10-30T10:57:48.404+01:00  INFO 41546 --- [BiciFood Web Application] [nio-8080-exec-1] o.s.web.servlet.DispatcherServlet        : Completed initialization in 1 ms
Hibernate: select u1_0.usuari_id,u1_0.actiu,u1_0.adreca,u1_0.ciutat,u1_0.codi_postal,u1_0.cognom,u1_0.contrasenya,u1_0.data_registre,u1_0.data_ultim_acces,u1_0.email,u1_0.nom,u1_0.rol,u1_0.telefon,u1_0.verificat from usuari u1_0 order by u1_0.data_registre desc offset ? rows fetch first ? rows only
2025-10-30T11:54:47.069+01:00  INFO 41546 --- [BiciFood Web Application] [ionShutdownHook] j.LocalContainerEntityManagerFactoryBean : Closing JPA EntityManagerFactory for persistence unit 'default'
Hibernate: drop table if exists categoria cascade 
Hibernate: drop table if exists comanda cascade 
Hibernate: drop table if exists detall_comanda cascade 
Hibernate: drop table if exists metode_pagament cascade 
Hibernate: drop table if exists producte cascade 
Hibernate: drop table if exists usuari cascade 
2025-10-30T11:54:47.148+01:00  INFO 41546 --- [BiciFood Web Application] [ionShutdownHook] com.zaxxer.hikari.HikariDataSource       : HikariPool-1 - Shutdown initiated...
2025-10-30T11:54:47.162+01:00  INFO 41546 --- [BiciFood Web Application] [ionShutdownHook] com.zaxxer.hikari.HikariDataSource       : HikariPool-1 - Shutdown completed.
